2017-08-11 09:12:38,962 [restartedMain] INFO org.springframework.boot.context.embedded.AnnotationConfigEmbeddedWebApplicationContext - Refreshing org.springframework.boot.context.embedded.AnnotationConfigEmbeddedWebApplicationContext@778b1533: startup date [Fri Aug 11 09:12:38 BRT 2017]; root of context hierarchy
2017-08-11 09:12:39,296 [restartedMain] WARN org.springframework.context.annotation.ConfigurationClassEnhancer - @Bean method ScopeConfiguration.stepScope is non-static and returns an object assignable to Spring's BeanFactoryPostProcessor interface. This will result in a failure to process annotations such as @Autowired, @Resource and @PostConstruct within the method's declaring @Configuration class. Add the 'static' modifier to this method to avoid these container lifecycle issues; see @Bean javadoc for complete details.
2017-08-11 09:12:39,339 [restartedMain] WARN org.springframework.context.annotation.ConfigurationClassEnhancer - @Bean method ScopeConfiguration.jobScope is non-static and returns an object assignable to Spring's BeanFactoryPostProcessor interface. This will result in a failure to process annotations such as @Autowired, @Resource and @PostConstruct within the method's declaring @Configuration class. Add the 'static' modifier to this method to avoid these container lifecycle issues; see @Bean javadoc for complete details.
2017-08-11 09:12:39,351 [restartedMain] INFO org.springframework.context.support.PostProcessorRegistrationDelegate$BeanPostProcessorChecker - Bean 'org.springframework.ws.config.annotation.DelegatingWsConfiguration' of type [org.springframework.ws.config.annotation.DelegatingWsConfiguration$$EnhancerBySpringCGLIB$$1914834f] is not eligible for getting processed by all BeanPostProcessors (for example: not eligible for auto-proxying)
2017-08-11 09:12:39,352 [restartedMain] INFO org.springframework.ws.soap.addressing.server.AnnotationActionEndpointMapping - Supporting [WS-Addressing August 2004, WS-Addressing 1.0]
2017-08-11 09:12:39,412 [restartedMain] INFO org.springframework.boot.context.embedded.tomcat.TomcatEmbeddedServletContainer - Tomcat initialized with port(s): 8080 (http)
2017-08-11 09:12:39,425 [localhost-startStop-1] INFO org.springframework.web.context.ContextLoader - Root WebApplicationContext: initialization completed in 463 ms
2017-08-11 09:12:39,455 [localhost-startStop-1] INFO org.springframework.boot.web.servlet.ServletRegistrationBean - Mapping servlet: 'dispatcherServlet' to [/]
2017-08-11 09:12:39,455 [localhost-startStop-1] INFO org.springframework.boot.web.servlet.ServletRegistrationBean - Mapping servlet: 'webServlet' to [/h2-console/*]
2017-08-11 09:12:39,456 [localhost-startStop-1] INFO org.springframework.boot.web.servlet.ServletRegistrationBean - Mapping servlet: 'messageDispatcherServlet' to [/services/*]
2017-08-11 09:12:39,456 [localhost-startStop-1] INFO org.springframework.boot.web.servlet.FilterRegistrationBean - Mapping filter: 'characterEncodingFilter' to: [/*]
2017-08-11 09:12:39,456 [localhost-startStop-1] INFO org.springframework.boot.web.servlet.FilterRegistrationBean - Mapping filter: 'hiddenHttpMethodFilter' to: [/*]
2017-08-11 09:12:39,456 [localhost-startStop-1] INFO org.springframework.boot.web.servlet.FilterRegistrationBean - Mapping filter: 'httpPutFormContentFilter' to: [/*]
2017-08-11 09:12:39,456 [localhost-startStop-1] INFO org.springframework.boot.web.servlet.FilterRegistrationBean - Mapping filter: 'requestContextFilter' to: [/*]
2017-08-11 09:12:39,534 [restartedMain] INFO org.springframework.orm.jpa.LocalContainerEntityManagerFactoryBean - Building JPA container EntityManagerFactory for persistence unit 'default'
2017-08-11 09:12:39,553 [restartedMain] INFO org.springframework.orm.jpa.LocalContainerEntityManagerFactoryBean - Initialized JPA EntityManagerFactory for persistence unit 'default'
2017-08-11 09:12:39,649 [restartedMain] INFO org.springframework.web.servlet.mvc.method.annotation.RequestMappingHandlerAdapter - Looking for @ControllerAdvice: org.springframework.boot.context.embedded.AnnotationConfigEmbeddedWebApplicationContext@778b1533: startup date [Fri Aug 11 09:12:38 BRT 2017]; root of context hierarchy
2017-08-11 09:12:39,685 [restartedMain] INFO org.springframework.web.servlet.mvc.method.annotation.RequestMappingHandlerMapping - Mapped "{[/error]}" onto public org.springframework.http.ResponseEntity<java.util.Map<java.lang.String, java.lang.Object>> org.springframework.boot.autoconfigure.web.BasicErrorController.error(javax.servlet.http.HttpServletRequest)
2017-08-11 09:12:39,686 [restartedMain] INFO org.springframework.web.servlet.mvc.method.annotation.RequestMappingHandlerMapping - Mapped "{[/error],produces=[text/html]}" onto public org.springframework.web.servlet.ModelAndView org.springframework.boot.autoconfigure.web.BasicErrorController.errorHtml(javax.servlet.http.HttpServletRequest,javax.servlet.http.HttpServletResponse)
2017-08-11 09:12:39,693 [restartedMain] INFO org.springframework.web.servlet.handler.SimpleUrlHandlerMapping - Mapped URL path [/webjars/**] onto handler of type [class org.springframework.web.servlet.resource.ResourceHttpRequestHandler]
2017-08-11 09:12:39,693 [restartedMain] INFO org.springframework.web.servlet.handler.SimpleUrlHandlerMapping - Mapped URL path [/**] onto handler of type [class org.springframework.web.servlet.resource.ResourceHttpRequestHandler]
2017-08-11 09:12:39,703 [restartedMain] INFO org.springframework.web.servlet.handler.SimpleUrlHandlerMapping - Mapped URL path [/**/favicon.ico] onto handler of type [class org.springframework.web.servlet.resource.ResourceHttpRequestHandler]
2017-08-11 09:12:39,720 [restartedMain] WARN org.springframework.boot.autoconfigure.batch.BasicBatchConfigurer - JPA does not support custom isolation levels, so locks may not be taken when launching Jobs
2017-08-11 09:12:39,721 [restartedMain] INFO org.springframework.batch.core.repository.support.JobRepositoryFactoryBean - No database type set, using meta data indicating: H2
2017-08-11 09:12:39,721 [restartedMain] INFO org.springframework.batch.core.launch.support.SimpleJobLauncher - No TaskExecutor has been set, defaulting to synchronous executor.
2017-08-11 09:12:39,725 [restartedMain] INFO org.springframework.jdbc.datasource.init.ScriptUtils - Executing SQL script from class path resource [org/springframework/batch/core/schema-h2.sql]
2017-08-11 09:12:39,730 [restartedMain] INFO org.springframework.jdbc.datasource.init.ScriptUtils - Executed SQL script from class path resource [org/springframework/batch/core/schema-h2.sql] in 5 ms.
2017-08-11 09:12:39,770 [restartedMain] INFO org.springframework.boot.devtools.autoconfigure.OptionalLiveReloadServer - LiveReload server is running on port 35729
2017-08-11 09:12:39,807 [restartedMain] INFO org.springframework.jmx.export.annotation.AnnotationMBeanExporter - Registering beans for JMX exposure on startup
2017-08-11 09:12:39,817 [restartedMain] INFO org.springframework.boot.context.embedded.tomcat.TomcatEmbeddedServletContainer - Tomcat started on port(s): 8080 (http)
2017-08-11 09:12:39,818 [restartedMain] INFO org.springframework.boot.autoconfigure.batch.JobLauncherCommandLineRunner - Running default command line with: [--spring.output.ansi.enabled=always]
2017-08-11 09:12:39,821 [restartedMain] INFO org.springframework.batch.core.launch.support.SimpleJobLauncher - Job: [SimpleJob: [name=job]] launched with the following parameters: [{run.id=1, -spring.output.ansi.enabled=always}]
2017-08-11 09:12:39,825 [restartedMain] INFO org.springframework.batch.core.job.SimpleStepHandler - Executing step: [loadPnrStep]
2017-08-11 09:12:39,830 [restartedMain] INFO org.springframework.batch.core.launch.support.SimpleJobLauncher - Job: [SimpleJob: [name=job]] completed with the following parameters: [{run.id=1, -spring.output.ansi.enabled=always}] and the following status: [COMPLETED]
2017-08-11 09:13:25,642 [Thread-110] INFO org.springframework.boot.context.embedded.AnnotationConfigEmbeddedWebApplicationContext - Closing org.springframework.boot.context.embedded.AnnotationConfigEmbeddedWebApplicationContext@778b1533: startup date [Fri Aug 11 09:12:38 BRT 2017]; root of context hierarchy
2017-08-11 09:13:25,646 [Thread-110] INFO org.springframework.jmx.export.annotation.AnnotationMBeanExporter - Unregistering JMX-exposed beans on shutdown
2017-08-11 09:13:25,647 [Thread-110] INFO org.springframework.orm.jpa.LocalContainerEntityManagerFactoryBean - Closing JPA EntityManagerFactory for persistence unit 'default'
2017-08-11 09:13:26,140 [restartedMain] INFO org.springframework.boot.context.embedded.AnnotationConfigEmbeddedWebApplicationContext - Refreshing org.springframework.boot.context.embedded.AnnotationConfigEmbeddedWebApplicationContext@4cb20a: startup date [Fri Aug 11 09:13:26 BRT 2017]; root of context hierarchy
2017-08-11 09:13:26,474 [restartedMain] WARN org.springframework.context.annotation.ConfigurationClassEnhancer - @Bean method ScopeConfiguration.stepScope is non-static and returns an object assignable to Spring's BeanFactoryPostProcessor interface. This will result in a failure to process annotations such as @Autowired, @Resource and @PostConstruct within the method's declaring @Configuration class. Add the 'static' modifier to this method to avoid these container lifecycle issues; see @Bean javadoc for complete details.
2017-08-11 09:13:26,474 [restartedMain] WARN org.springframework.context.annotation.ConfigurationClassEnhancer - @Bean method ScopeConfiguration.jobScope is non-static and returns an object assignable to Spring's BeanFactoryPostProcessor interface. This will result in a failure to process annotations such as @Autowired, @Resource and @PostConstruct within the method's declaring @Configuration class. Add the 'static' modifier to this method to avoid these container lifecycle issues; see @Bean javadoc for complete details.
2017-08-11 09:13:26,487 [restartedMain] INFO org.springframework.context.support.PostProcessorRegistrationDelegate$BeanPostProcessorChecker - Bean 'org.springframework.ws.config.annotation.DelegatingWsConfiguration' of type [org.springframework.ws.config.annotation.DelegatingWsConfiguration$$EnhancerBySpringCGLIB$$1914834f] is not eligible for getting processed by all BeanPostProcessors (for example: not eligible for auto-proxying)
2017-08-11 09:13:26,488 [restartedMain] INFO org.springframework.ws.soap.addressing.server.AnnotationActionEndpointMapping - Supporting [WS-Addressing August 2004, WS-Addressing 1.0]
2017-08-11 09:13:26,550 [restartedMain] INFO org.springframework.boot.context.embedded.tomcat.TomcatEmbeddedServletContainer - Tomcat initialized with port(s): 8080 (http)
2017-08-11 09:13:26,564 [localhost-startStop-1] INFO org.springframework.web.context.ContextLoader - Root WebApplicationContext: initialization completed in 424 ms
2017-08-11 09:13:26,601 [localhost-startStop-1] INFO org.springframework.boot.web.servlet.ServletRegistrationBean - Mapping servlet: 'dispatcherServlet' to [/]
2017-08-11 09:13:26,601 [localhost-startStop-1] INFO org.springframework.boot.web.servlet.ServletRegistrationBean - Mapping servlet: 'webServlet' to [/h2-console/*]
2017-08-11 09:13:26,602 [localhost-startStop-1] INFO org.springframework.boot.web.servlet.ServletRegistrationBean - Mapping servlet: 'messageDispatcherServlet' to [/services/*]
2017-08-11 09:13:26,602 [localhost-startStop-1] INFO org.springframework.boot.web.servlet.FilterRegistrationBean - Mapping filter: 'characterEncodingFilter' to: [/*]
2017-08-11 09:13:26,602 [localhost-startStop-1] INFO org.springframework.boot.web.servlet.FilterRegistrationBean - Mapping filter: 'hiddenHttpMethodFilter' to: [/*]
2017-08-11 09:13:26,602 [localhost-startStop-1] INFO org.springframework.boot.web.servlet.FilterRegistrationBean - Mapping filter: 'httpPutFormContentFilter' to: [/*]
2017-08-11 09:13:26,602 [localhost-startStop-1] INFO org.springframework.boot.web.servlet.FilterRegistrationBean - Mapping filter: 'requestContextFilter' to: [/*]
2017-08-11 09:13:26,678 [restartedMain] INFO org.springframework.orm.jpa.LocalContainerEntityManagerFactoryBean - Building JPA container EntityManagerFactory for persistence unit 'default'
2017-08-11 09:13:26,698 [restartedMain] INFO org.springframework.orm.jpa.LocalContainerEntityManagerFactoryBean - Initialized JPA EntityManagerFactory for persistence unit 'default'
2017-08-11 09:13:26,791 [restartedMain] INFO org.springframework.web.servlet.mvc.method.annotation.RequestMappingHandlerAdapter - Looking for @ControllerAdvice: org.springframework.boot.context.embedded.AnnotationConfigEmbeddedWebApplicationContext@4cb20a: startup date [Fri Aug 11 09:13:26 BRT 2017]; root of context hierarchy
2017-08-11 09:13:26,800 [restartedMain] INFO org.springframework.web.servlet.mvc.method.annotation.RequestMappingHandlerMapping - Mapped "{[/error]}" onto public org.springframework.http.ResponseEntity<java.util.Map<java.lang.String, java.lang.Object>> org.springframework.boot.autoconfigure.web.BasicErrorController.error(javax.servlet.http.HttpServletRequest)
2017-08-11 09:13:26,800 [restartedMain] INFO org.springframework.web.servlet.mvc.method.annotation.RequestMappingHandlerMapping - Mapped "{[/error],produces=[text/html]}" onto public org.springframework.web.servlet.ModelAndView org.springframework.boot.autoconfigure.web.BasicErrorController.errorHtml(javax.servlet.http.HttpServletRequest,javax.servlet.http.HttpServletResponse)
2017-08-11 09:13:26,804 [restartedMain] INFO org.springframework.web.servlet.handler.SimpleUrlHandlerMapping - Mapped URL path [/webjars/**] onto handler of type [class org.springframework.web.servlet.resource.ResourceHttpRequestHandler]
2017-08-11 09:13:26,805 [restartedMain] INFO org.springframework.web.servlet.handler.SimpleUrlHandlerMapping - Mapped URL path [/**] onto handler of type [class org.springframework.web.servlet.resource.ResourceHttpRequestHandler]
2017-08-11 09:13:26,813 [restartedMain] INFO org.springframework.web.servlet.handler.SimpleUrlHandlerMapping - Mapped URL path [/**/favicon.ico] onto handler of type [class org.springframework.web.servlet.resource.ResourceHttpRequestHandler]
2017-08-11 09:13:26,834 [restartedMain] WARN org.springframework.boot.autoconfigure.batch.BasicBatchConfigurer - JPA does not support custom isolation levels, so locks may not be taken when launching Jobs
2017-08-11 09:13:26,834 [restartedMain] INFO org.springframework.batch.core.repository.support.JobRepositoryFactoryBean - No database type set, using meta data indicating: H2
2017-08-11 09:13:26,835 [restartedMain] INFO org.springframework.batch.core.launch.support.SimpleJobLauncher - No TaskExecutor has been set, defaulting to synchronous executor.
2017-08-11 09:13:26,839 [restartedMain] INFO org.springframework.jdbc.datasource.init.ScriptUtils - Executing SQL script from class path resource [org/springframework/batch/core/schema-h2.sql]
2017-08-11 09:13:26,843 [restartedMain] INFO org.springframework.jdbc.datasource.init.ScriptUtils - Executed SQL script from class path resource [org/springframework/batch/core/schema-h2.sql] in 4 ms.
2017-08-11 09:13:26,888 [restartedMain] INFO org.springframework.boot.devtools.autoconfigure.OptionalLiveReloadServer - LiveReload server is running on port 35729
2017-08-11 09:13:26,924 [restartedMain] INFO org.springframework.jmx.export.annotation.AnnotationMBeanExporter - Registering beans for JMX exposure on startup
2017-08-11 09:13:26,932 [restartedMain] INFO org.springframework.boot.context.embedded.tomcat.TomcatEmbeddedServletContainer - Tomcat started on port(s): 8080 (http)
2017-08-11 09:13:26,933 [restartedMain] INFO org.springframework.boot.autoconfigure.batch.JobLauncherCommandLineRunner - Running default command line with: [--spring.output.ansi.enabled=always]
2017-08-11 09:13:26,935 [restartedMain] INFO org.springframework.batch.core.launch.support.SimpleJobLauncher - Job: [SimpleJob: [name=job]] launched with the following parameters: [{run.id=1, -spring.output.ansi.enabled=always}]
2017-08-11 09:13:26,938 [restartedMain] INFO org.springframework.batch.core.job.SimpleStepHandler - Executing step: [loadPnrStep]
2017-08-11 09:13:26,942 [restartedMain] INFO org.springframework.batch.core.launch.support.SimpleJobLauncher - Job: [SimpleJob: [name=job]] completed with the following parameters: [{run.id=1, -spring.output.ansi.enabled=always}] and the following status: [COMPLETED]
2017-08-11 09:16:49,398 [Thread-118] INFO org.springframework.boot.context.embedded.AnnotationConfigEmbeddedWebApplicationContext - Closing org.springframework.boot.context.embedded.AnnotationConfigEmbeddedWebApplicationContext@4cb20a: startup date [Fri Aug 11 09:13:26 BRT 2017]; root of context hierarchy
2017-08-11 09:16:49,400 [Thread-118] INFO org.springframework.jmx.export.annotation.AnnotationMBeanExporter - Unregistering JMX-exposed beans on shutdown
2017-08-11 09:16:49,400 [Thread-118] INFO org.springframework.orm.jpa.LocalContainerEntityManagerFactoryBean - Closing JPA EntityManagerFactory for persistence unit 'default'
2017-08-11 09:17:34,044 [restartedMain] INFO org.springframework.boot.context.embedded.AnnotationConfigEmbeddedWebApplicationContext - Refreshing org.springframework.boot.context.embedded.AnnotationConfigEmbeddedWebApplicationContext@6bf36e32: startup date [Fri Aug 11 09:17:34 BRT 2017]; root of context hierarchy
2017-08-11 09:17:35,977 [restartedMain] WARN org.springframework.context.annotation.ConfigurationClassEnhancer - @Bean method ScopeConfiguration.stepScope is non-static and returns an object assignable to Spring's BeanFactoryPostProcessor interface. This will result in a failure to process annotations such as @Autowired, @Resource and @PostConstruct within the method's declaring @Configuration class. Add the 'static' modifier to this method to avoid these container lifecycle issues; see @Bean javadoc for complete details.
2017-08-11 09:17:35,989 [restartedMain] WARN org.springframework.context.annotation.ConfigurationClassEnhancer - @Bean method ScopeConfiguration.jobScope is non-static and returns an object assignable to Spring's BeanFactoryPostProcessor interface. This will result in a failure to process annotations such as @Autowired, @Resource and @PostConstruct within the method's declaring @Configuration class. Add the 'static' modifier to this method to avoid these container lifecycle issues; see @Bean javadoc for complete details.
2017-08-11 09:17:36,403 [restartedMain] INFO org.springframework.context.support.PostProcessorRegistrationDelegate$BeanPostProcessorChecker - Bean 'org.springframework.ws.config.annotation.DelegatingWsConfiguration' of type [org.springframework.ws.config.annotation.DelegatingWsConfiguration$$EnhancerBySpringCGLIB$$3734a779] is not eligible for getting processed by all BeanPostProcessors (for example: not eligible for auto-proxying)
2017-08-11 09:17:36,487 [restartedMain] INFO org.springframework.ws.soap.addressing.server.AnnotationActionEndpointMapping - Supporting [WS-Addressing August 2004, WS-Addressing 1.0]
2017-08-11 09:17:36,942 [restartedMain] INFO org.springframework.boot.context.embedded.tomcat.TomcatEmbeddedServletContainer - Tomcat initialized with port(s): 8080 (http)
2017-08-11 09:17:37,105 [localhost-startStop-1] INFO org.springframework.web.context.ContextLoader - Root WebApplicationContext: initialization completed in 3065 ms
2017-08-11 09:17:37,272 [localhost-startStop-1] INFO org.springframework.boot.web.servlet.ServletRegistrationBean - Mapping servlet: 'dispatcherServlet' to [/]
2017-08-11 09:17:37,274 [localhost-startStop-1] INFO org.springframework.boot.web.servlet.ServletRegistrationBean - Mapping servlet: 'webServlet' to [/h2-console/*]
2017-08-11 09:17:37,275 [localhost-startStop-1] INFO org.springframework.boot.web.servlet.ServletRegistrationBean - Mapping servlet: 'messageDispatcherServlet' to [/services/*]
2017-08-11 09:17:37,279 [localhost-startStop-1] INFO org.springframework.boot.web.servlet.FilterRegistrationBean - Mapping filter: 'characterEncodingFilter' to: [/*]
2017-08-11 09:17:37,280 [localhost-startStop-1] INFO org.springframework.boot.web.servlet.FilterRegistrationBean - Mapping filter: 'hiddenHttpMethodFilter' to: [/*]
2017-08-11 09:17:37,280 [localhost-startStop-1] INFO org.springframework.boot.web.servlet.FilterRegistrationBean - Mapping filter: 'httpPutFormContentFilter' to: [/*]
2017-08-11 09:17:37,280 [localhost-startStop-1] INFO org.springframework.boot.web.servlet.FilterRegistrationBean - Mapping filter: 'requestContextFilter' to: [/*]
2017-08-11 09:17:37,563 [restartedMain] INFO org.springframework.orm.jpa.LocalContainerEntityManagerFactoryBean - Building JPA container EntityManagerFactory for persistence unit 'default'
2017-08-11 09:17:37,883 [restartedMain] INFO org.springframework.orm.jpa.LocalContainerEntityManagerFactoryBean - Initialized JPA EntityManagerFactory for persistence unit 'default'
2017-08-11 09:17:38,223 [restartedMain] INFO org.springframework.web.servlet.mvc.method.annotation.RequestMappingHandlerAdapter - Looking for @ControllerAdvice: org.springframework.boot.context.embedded.AnnotationConfigEmbeddedWebApplicationContext@6bf36e32: startup date [Fri Aug 11 09:17:34 BRT 2017]; root of context hierarchy
2017-08-11 09:17:38,271 [restartedMain] INFO org.springframework.web.servlet.mvc.method.annotation.RequestMappingHandlerMapping - Mapped "{[/error]}" onto public org.springframework.http.ResponseEntity<java.util.Map<java.lang.String, java.lang.Object>> org.springframework.boot.autoconfigure.web.BasicErrorController.error(javax.servlet.http.HttpServletRequest)
2017-08-11 09:17:38,271 [restartedMain] INFO org.springframework.web.servlet.mvc.method.annotation.RequestMappingHandlerMapping - Mapped "{[/error],produces=[text/html]}" onto public org.springframework.web.servlet.ModelAndView org.springframework.boot.autoconfigure.web.BasicErrorController.errorHtml(javax.servlet.http.HttpServletRequest,javax.servlet.http.HttpServletResponse)
2017-08-11 09:17:38,292 [restartedMain] INFO org.springframework.web.servlet.handler.SimpleUrlHandlerMapping - Mapped URL path [/webjars/**] onto handler of type [class org.springframework.web.servlet.resource.ResourceHttpRequestHandler]
2017-08-11 09:17:38,292 [restartedMain] INFO org.springframework.web.servlet.handler.SimpleUrlHandlerMapping - Mapped URL path [/**] onto handler of type [class org.springframework.web.servlet.resource.ResourceHttpRequestHandler]
2017-08-11 09:17:38,318 [restartedMain] INFO org.springframework.web.servlet.handler.SimpleUrlHandlerMapping - Mapped URL path [/**/favicon.ico] onto handler of type [class org.springframework.web.servlet.resource.ResourceHttpRequestHandler]
2017-08-11 09:17:38,395 [restartedMain] WARN org.springframework.boot.autoconfigure.batch.BasicBatchConfigurer - JPA does not support custom isolation levels, so locks may not be taken when launching Jobs
2017-08-11 09:17:38,396 [restartedMain] INFO org.springframework.batch.core.repository.support.JobRepositoryFactoryBean - No database type set, using meta data indicating: H2
2017-08-11 09:17:38,445 [restartedMain] INFO org.springframework.batch.core.launch.support.SimpleJobLauncher - No TaskExecutor has been set, defaulting to synchronous executor.
2017-08-11 09:17:38,457 [restartedMain] INFO org.springframework.jdbc.datasource.init.ScriptUtils - Executing SQL script from class path resource [org/springframework/batch/core/schema-h2.sql]
2017-08-11 09:17:38,477 [restartedMain] INFO org.springframework.jdbc.datasource.init.ScriptUtils - Executed SQL script from class path resource [org/springframework/batch/core/schema-h2.sql] in 20 ms.
2017-08-11 09:17:38,622 [restartedMain] INFO org.springframework.boot.devtools.autoconfigure.OptionalLiveReloadServer - LiveReload server is running on port 35729
2017-08-11 09:17:38,669 [restartedMain] INFO org.springframework.jmx.export.annotation.AnnotationMBeanExporter - Registering beans for JMX exposure on startup
2017-08-11 09:17:38,713 [restartedMain] INFO org.springframework.boot.context.embedded.tomcat.TomcatEmbeddedServletContainer - Tomcat started on port(s): 8080 (http)
2017-08-11 09:17:38,717 [restartedMain] INFO org.springframework.boot.autoconfigure.batch.JobLauncherCommandLineRunner - Running default command line with: [--spring.output.ansi.enabled=always]
2017-08-11 09:17:38,787 [restartedMain] INFO org.springframework.batch.core.launch.support.SimpleJobLauncher - Job: [SimpleJob: [name=job]] launched with the following parameters: [{run.id=1, -spring.output.ansi.enabled=always}]
2017-08-11 09:17:38,802 [restartedMain] INFO org.springframework.batch.core.job.SimpleStepHandler - Executing step: [loadPnrStep]
2017-08-11 09:17:38,819 [restartedMain] INFO org.springframework.batch.core.launch.support.SimpleJobLauncher - Job: [SimpleJob: [name=job]] completed with the following parameters: [{run.id=1, -spring.output.ansi.enabled=always}] and the following status: [COMPLETED]
2017-08-11 09:17:45,971 [RMI TCP Connection(2)-127.0.0.1] INFO org.springframework.boot.admin.SpringApplicationAdminMXBeanRegistrar$SpringApplicationAdmin - Application shutdown requested.
2017-08-11 09:17:45,971 [RMI TCP Connection(2)-127.0.0.1] INFO org.springframework.boot.context.embedded.AnnotationConfigEmbeddedWebApplicationContext - Closing org.springframework.boot.context.embedded.AnnotationConfigEmbeddedWebApplicationContext@6bf36e32: startup date [Fri Aug 11 09:17:34 BRT 2017]; root of context hierarchy
2017-08-11 09:17:45,974 [RMI TCP Connection(2)-127.0.0.1] INFO org.springframework.jmx.export.annotation.AnnotationMBeanExporter - Unregistering JMX-exposed beans on shutdown
2017-08-11 09:17:45,974 [RMI TCP Connection(2)-127.0.0.1] INFO org.springframework.orm.jpa.LocalContainerEntityManagerFactoryBean - Closing JPA EntityManagerFactory for persistence unit 'default'
