2017-08-25 13:13:53,289 [restartedMain] INFO org.springframework.boot.context.embedded.AnnotationConfigEmbeddedWebApplicationContext - Refreshing org.springframework.boot.context.embedded.AnnotationConfigEmbeddedWebApplicationContext@5398af6: startup date [Fri Aug 25 13:13:53 BRT 2017]; root of context hierarchy
2017-08-25 13:13:53,858 [restartedMain] WARN org.springframework.context.annotation.ConfigurationClassEnhancer - @Bean method ScopeConfiguration.stepScope is non-static and returns an object assignable to Spring's BeanFactoryPostProcessor interface. This will result in a failure to process annotations such as @Autowired, @Resource and @PostConstruct within the method's declaring @Configuration class. Add the 'static' modifier to this method to avoid these container lifecycle issues; see @Bean javadoc for complete details.
2017-08-25 13:13:53,885 [restartedMain] WARN org.springframework.context.annotation.ConfigurationClassEnhancer - @Bean method ScopeConfiguration.jobScope is non-static and returns an object assignable to Spring's BeanFactoryPostProcessor interface. This will result in a failure to process annotations such as @Autowired, @Resource and @PostConstruct within the method's declaring @Configuration class. Add the 'static' modifier to this method to avoid these container lifecycle issues; see @Bean javadoc for complete details.
2017-08-25 13:13:53,902 [restartedMain] INFO org.springframework.context.support.PostProcessorRegistrationDelegate$BeanPostProcessorChecker - Bean 'org.springframework.ws.config.annotation.DelegatingWsConfiguration' of type [org.springframework.ws.config.annotation.DelegatingWsConfiguration$$EnhancerBySpringCGLIB$$41138131] is not eligible for getting processed by all BeanPostProcessors (for example: not eligible for auto-proxying)
2017-08-25 13:13:53,904 [restartedMain] INFO org.springframework.ws.soap.addressing.server.AnnotationActionEndpointMapping - Supporting [WS-Addressing August 2004, WS-Addressing 1.0]
2017-08-25 13:13:53,981 [restartedMain] INFO org.springframework.boot.context.embedded.tomcat.TomcatEmbeddedServletContainer - Tomcat initialized with port(s): 8080 (http)
2017-08-25 13:13:53,996 [localhost-startStop-1] INFO org.springframework.web.context.ContextLoader - Root WebApplicationContext: initialization completed in 707 ms
2017-08-25 13:13:54,036 [localhost-startStop-1] INFO org.springframework.boot.web.servlet.ServletRegistrationBean - Mapping servlet: 'dispatcherServlet' to [/]
2017-08-25 13:13:54,036 [localhost-startStop-1] INFO org.springframework.boot.web.servlet.ServletRegistrationBean - Mapping servlet: 'messageDispatcherServlet' to [/services/*]
2017-08-25 13:13:54,037 [localhost-startStop-1] INFO org.springframework.boot.web.servlet.FilterRegistrationBean - Mapping filter: 'characterEncodingFilter' to: [/*]
2017-08-25 13:13:54,037 [localhost-startStop-1] INFO org.springframework.boot.web.servlet.FilterRegistrationBean - Mapping filter: 'hiddenHttpMethodFilter' to: [/*]
2017-08-25 13:13:54,037 [localhost-startStop-1] INFO org.springframework.boot.web.servlet.FilterRegistrationBean - Mapping filter: 'httpPutFormContentFilter' to: [/*]
2017-08-25 13:13:54,037 [localhost-startStop-1] INFO org.springframework.boot.web.servlet.FilterRegistrationBean - Mapping filter: 'requestContextFilter' to: [/*]
2017-08-25 13:13:54,136 [restartedMain] INFO org.springframework.orm.jpa.LocalContainerEntityManagerFactoryBean - Building JPA container EntityManagerFactory for persistence unit 'default'
2017-08-25 13:13:55,583 [restartedMain] INFO org.springframework.orm.jpa.LocalContainerEntityManagerFactoryBean - Initialized JPA EntityManagerFactory for persistence unit 'default'
2017-08-25 13:13:55,883 [restartedMain] INFO org.springframework.web.servlet.mvc.method.annotation.RequestMappingHandlerAdapter - Looking for @ControllerAdvice: org.springframework.boot.context.embedded.AnnotationConfigEmbeddedWebApplicationContext@5398af6: startup date [Fri Aug 25 13:13:53 BRT 2017]; root of context hierarchy
2017-08-25 13:13:55,897 [restartedMain] INFO org.springframework.web.servlet.mvc.method.annotation.RequestMappingHandlerMapping - Mapped "{[/error]}" onto public org.springframework.http.ResponseEntity<java.util.Map<java.lang.String, java.lang.Object>> org.springframework.boot.autoconfigure.web.BasicErrorController.error(javax.servlet.http.HttpServletRequest)
2017-08-25 13:13:55,898 [restartedMain] INFO org.springframework.web.servlet.mvc.method.annotation.RequestMappingHandlerMapping - Mapped "{[/error],produces=[text/html]}" onto public org.springframework.web.servlet.ModelAndView org.springframework.boot.autoconfigure.web.BasicErrorController.errorHtml(javax.servlet.http.HttpServletRequest,javax.servlet.http.HttpServletResponse)
2017-08-25 13:13:55,907 [restartedMain] INFO org.springframework.web.servlet.handler.SimpleUrlHandlerMapping - Mapped URL path [/webjars/**] onto handler of type [class org.springframework.web.servlet.resource.ResourceHttpRequestHandler]
2017-08-25 13:13:55,907 [restartedMain] INFO org.springframework.web.servlet.handler.SimpleUrlHandlerMapping - Mapped URL path [/**] onto handler of type [class org.springframework.web.servlet.resource.ResourceHttpRequestHandler]
2017-08-25 13:13:55,921 [restartedMain] INFO org.springframework.web.servlet.handler.SimpleUrlHandlerMapping - Mapped URL path [/**/favicon.ico] onto handler of type [class org.springframework.web.servlet.resource.ResourceHttpRequestHandler]
2017-08-25 13:13:55,957 [restartedMain] WARN org.springframework.boot.autoconfigure.batch.BasicBatchConfigurer - JPA does not support custom isolation levels, so locks may not be taken when launching Jobs
2017-08-25 13:13:55,957 [restartedMain] INFO org.springframework.batch.core.repository.support.JobRepositoryFactoryBean - No database type set, using meta data indicating: DB2
2017-08-25 13:13:55,959 [restartedMain] INFO org.springframework.batch.core.launch.support.SimpleJobLauncher - No TaskExecutor has been set, defaulting to synchronous executor.
2017-08-25 13:13:55,964 [restartedMain] INFO org.springframework.jdbc.datasource.init.ScriptUtils - Executing SQL script from class path resource [org/springframework/batch/core/schema-db2.sql]
2017-08-25 13:13:56,190 [restartedMain] INFO org.springframework.jdbc.datasource.init.ScriptUtils - Executed SQL script from class path resource [org/springframework/batch/core/schema-db2.sql] in 226 ms.
2017-08-25 13:13:56,474 [restartedMain] INFO org.springframework.boot.devtools.autoconfigure.OptionalLiveReloadServer - LiveReload server is running on port 35729
2017-08-25 13:13:56,607 [restartedMain] INFO org.springframework.jmx.export.annotation.AnnotationMBeanExporter - Registering beans for JMX exposure on startup
2017-08-25 13:13:56,619 [restartedMain] INFO org.springframework.boot.context.embedded.tomcat.TomcatEmbeddedServletContainer - Tomcat started on port(s): 8080 (http)
2017-08-25 13:13:56,622 [restartedMain] INFO org.springframework.boot.autoconfigure.batch.JobLauncherCommandLineRunner - Running default command line with: [--spring.output.ansi.enabled=always]
2017-08-25 13:13:57,433 [restartedMain] INFO org.springframework.batch.core.launch.support.SimpleJobLauncher - Job: [SimpleJob: [name=job]] launched with the following parameters: [{run.id=68, -spring.output.ansi.enabled=always}]
2017-08-25 13:13:58,013 [restartedMain] INFO org.springframework.batch.core.job.SimpleStepHandler - Executing step: [loadCitasStep]
